<component name="libraryTable">
  <library name="junit:junit:3.8.1" type="repository">
    <properties maven-id="junit:junit:3.8.1" />
    <CLASSES>
      <root url="jar://$MAVEN_REPOSITORY$/junit/junit/3.8.1/junit-3.8.1.jar!/" />
    </CLASSES>
    <JAVADOC />
    <SOURCES />
  </library>
</component>